22:06:23 **** Clean-only build of configuration Debug for project FAN_CONTROLLER ****
make clean 
rm -rf  ./Lm35_sensor.o ./adc.o ./app.o ./gpio.o ./lcd.o ./motor.o ./pwm.o  sizedummy  FAN_CONTROLLER.lss  ./Lm35_sensor.d ./adc.d ./app.d ./gpio.d ./lcd.d ./motor.d ./pwm.d  FAN_CONTROLLER.elf
 
22:06:43 **** Build of configuration Debug for project FAN_CONTROLLER ****
make all 
Building file: ../Lm35_sensor.c
Invoking: AVR Compiler
avr-gcc -Wall -g2 -gstabs -O0 -fpack-struct -fshort-enums -ffunction-sections -fdata-sections -std=gnu99 -funsigned-char -funsigned-bitfields -mmcu=atmega16 -DF_CPU=1000000UL -MMD -MP -MF"Lm35_sensor.d" -MT"Lm35_sensor.o" -c -o "Lm35_sensor.o" "../Lm35_sensor.c"
Finished building: ../Lm35_sensor.c
 
Building file: ../adc.c
Invoking: AVR Compiler
avr-gcc -Wall -g2 -gstabs -O0 -fpack-struct -fshort-enums -ffunction-sections -fdata-sections -std=gnu99 -funsigned-char -funsigned-bitfields -mmcu=atmega16 -DF_CPU=1000000UL -MMD -MP -MF"adc.d" -MT"adc.o" -c -o "adc.o" "../adc.c"
Finished building: ../adc.c
 
Building file: ../app.c
Invoking: AVR Compiler
avr-gcc -Wall -g2 -gstabs -O0 -fpack-struct -fshort-enums -ffunction-sections -fdata-sections -std=gnu99 -funsigned-char -funsigned-bitfields -mmcu=atmega16 -DF_CPU=1000000UL -MMD -MP -MF"app.d" -MT"app.o" -c -o "app.o" "../app.c"
In file included from ../app.c:4:
../motor.h:16: error: expected ')' before 'state'
../app.c: In function 'main':
../app.c:23: warning: implicit declaration of function 'DcMotor_Rotate'
make: *** [app.o] Error 1
"make all" terminated with exit code 2. Build might be incomplete.
22:07:53 **** Incremental Build of configuration Debug for project FAN_CONTROLLER ****
make all 
Building file: ../app.c
Invoking: AVR Compiler
avr-gcc -Wall -g2 -gstabs -O0 -fpack-struct -fshort-enums -ffunction-sections -fdata-sections -std=gnu99 -funsigned-char -funsigned-bitfields -mmcu=atmega16 -DF_CPU=1000000UL -MMD -MP -MF"app.d" -MT"app.o" -c -o "app.o" "../app.c"
In file included from ../app.c:4:
../motor.h:16: error: expected ')' before 'state'
../app.c: In function 'main':
../app.c:23: warning: implicit declaration of function 'DcMotor_Rotate'
make: *** [app.o] Error 1
"make all" terminated with exit code 2. Build might be incomplete.
22:08:08 **** Incremental Build of configuration Debug for project FAN_CONTROLLER ****
make all 
Building file: ../app.c
Invoking: AVR Compiler
avr-gcc -Wall -g2 -gstabs -O0 -fpack-struct -fshort-enums -ffunction-sections -fdata-sections -std=gnu99 -funsigned-char -funsigned-bitfields -mmcu=atmega16 -DF_CPU=1000000UL -MMD -MP -MF"app.d" -MT"app.o" -c -o "app.o" "../app.c"
In file included from ../app.c:4:
../motor.h:16: error: expected ')' before 'uint8'
../app.c: In function 'main':
../app.c:23: warning: implicit declaration of function 'DcMotor_Rotate'
make: *** [app.o] Error 1
"make all" terminated with exit code 2. Build might be incomplete.
22:08:09 **** Incremental Build of configuration Debug for project FAN_CONTROLLER ****
make all 
Building file: ../app.c
Invoking: AVR Compiler
avr-gcc -Wall -g2 -gstabs -O0 -fpack-struct -fshort-enums -ffunction-sections -fdata-sections -std=gnu99 -funsigned-char -funsigned-bitfields -mmcu=atmega16 -DF_CPU=1000000UL -MMD -MP -MF"app.d" -MT"app.o" -c -o "app.o" "../app.c"
In file included from ../app.c:4:
../motor.h:16: error: expected ')' before 'uint8'
../app.c: In function 'main':
../app.c:23: warning: implicit declaration of function 'DcMotor_Rotate'
make: *** [app.o] Error 1
"make all" terminated with exit code 2. Build might be incomplete.
22:08:09 **** Incremental Build of configuration Debug for project FAN_CONTROLLER ****
make all 
Building file: ../app.c
Invoking: AVR Compiler
avr-gcc -Wall -g2 -gstabs -O0 -fpack-struct -fshort-enums -ffunction-sections -fdata-sections -std=gnu99 -funsigned-char -funsigned-bitfields -mmcu=atmega16 -DF_CPU=1000000UL -MMD -MP -MF"app.d" -MT"app.o" -c -o "app.o" "../app.c"
In file included from ../app.c:4:
../motor.h:16: error: expected ')' before 'uint8'
../app.c: In function 'main':
../app.c:23: warning: implicit declaration of function 'DcMotor_Rotate'
make: *** [app.o] Error 1
"make all" terminated with exit code 2. Build might be incomplete.
22:09:00 **** Incremental Build of configuration Debug for project FAN_CONTROLLER ****
make all 
Building file: ../app.c
Invoking: AVR Compiler
avr-gcc -Wall -g2 -gstabs -O0 -fpack-struct -fshort-enums -ffunction-sections -fdata-sections -std=gnu99 -funsigned-char -funsigned-bitfields -mmcu=atmega16 -DF_CPU=1000000UL -MMD -MP -MF"app.d" -MT"app.o" -c -o "app.o" "../app.c"
In file included from ../app.c:4:
../motor.h:11: error: expected ')' before 'uint8'
../app.c: In function 'main':
../app.c:23: warning: implicit declaration of function 'DcMotor_Rotate'
make: *** [app.o] Error 1
"make all" terminated with exit code 2. Build might be incomplete.
22:09:02 **** Incremental Build of configuration Debug for project FAN_CONTROLLER ****
make all 
Building file: ../app.c
Invoking: AVR Compiler
avr-gcc -Wall -g2 -gstabs -O0 -fpack-struct -fshort-enums -ffunction-sections -fdata-sections -std=gnu99 -funsigned-char -funsigned-bitfields -mmcu=atmega16 -DF_CPU=1000000UL -MMD -MP -MF"app.d" -MT"app.o" -c -o "app.o" "../app.c"
In file included from ../app.c:4:
../motor.h:11: error: expected ')' before 'uint8'
../app.c: In function 'main':
../app.c:23: warning: implicit declaration of function 'DcMotor_Rotate'
make: *** [app.o] Error 1
"make all" terminated with exit code 2. Build might be incomplete.
22:09:25 **** Incremental Build of configuration Debug for project FAN_CONTROLLER ****
make all 
Building file: ../app.c
Invoking: AVR Compiler
avr-gcc -Wall -g2 -gstabs -O0 -fpack-struct -fshort-enums -ffunction-sections -fdata-sections -std=gnu99 -funsigned-char -funsigned-bitfields -mmcu=atmega16 -DF_CPU=1000000UL -MMD -MP -MF"app.d" -MT"app.o" -c -o "app.o" "../app.c"
Finished building: ../app.c
 
Building file: ../gpio.c
Invoking: AVR Compiler
avr-gcc -Wall -g2 -gstabs -O0 -fpack-struct -fshort-enums -ffunction-sections -fdata-sections -std=gnu99 -funsigned-char -funsigned-bitfields -mmcu=atmega16 -DF_CPU=1000000UL -MMD -MP -MF"gpio.d" -MT"gpio.o" -c -o "gpio.o" "../gpio.c"
Finished building: ../gpio.c
 
Building file: ../lcd.c
Invoking: AVR Compiler
avr-gcc -Wall -g2 -gstabs -O0 -fpack-struct -fshort-enums -ffunction-sections -fdata-sections -std=gnu99 -funsigned-char -funsigned-bitfields -mmcu=atmega16 -DF_CPU=1000000UL -MMD -MP -MF"lcd.d" -MT"lcd.o" -c -o "lcd.o" "../lcd.c"
In file included from ../lcd.c:3:
c:/winavr-20100110/lib/gcc/../../avr/include/util/delay.h:90:3: warning: #warning "Compiler optimizations disabled; functions from <util/delay.h> won't work as designed"
../lcd.c: In function 'LCD_displayStringRowColumn':
../lcd.c:79: warning: pointer targets in passing argument 1 of 'LCD_displayString' differ in signedness
../lcd.c: In function 'LCD_intgerToString':
../lcd.c:91: warning: implicit declaration of function 'itoa'
../lcd.c:92: warning: pointer targets in passing argument 1 of 'LCD_displayString' differ in signedness
Finished building: ../lcd.c
 
Building file: ../motor.c
Invoking: AVR Compiler
avr-gcc -Wall -g2 -gstabs -O0 -fpack-struct -fshort-enums -ffunction-sections -fdata-sections -std=gnu99 -funsigned-char -funsigned-bitfields -mmcu=atmega16 -DF_CPU=1000000UL -MMD -MP -MF"motor.d" -MT"motor.o" -c -o "motor.o" "../motor.c"
Finished building: ../motor.c
 
Building file: ../pwm.c
Invoking: AVR Compiler
avr-gcc -Wall -g2 -gstabs -O0 -fpack-struct -fshort-enums -ffunction-sections -fdata-sections -std=gnu99 -funsigned-char -funsigned-bitfields -mmcu=atmega16 -DF_CPU=1000000UL -MMD -MP -MF"pwm.d" -MT"pwm.o" -c -o "pwm.o" "../pwm.c"
In file included from ../pwm.c:2:
c:/winavr-20100110/lib/gcc/../../avr/include/util/delay.h:90:3: warning: #warning "Compiler optimizations disabled; functions from <util/delay.h> won't work as designed"
Finished building: ../pwm.c
 
Building target: FAN_CONTROLLER.elf
Invoking: AVR C Linker
avr-gcc -Wl,-Map,FAN_CONTROLLER.map -mmcu=atmega16 -o "FAN_CONTROLLER.elf"  ./Lm35_sensor.o ./adc.o ./app.o ./gpio.o ./lcd.o ./motor.o ./pwm.o   
Finished building target: FAN_CONTROLLER.elf
 
Invoking: AVR Create Extended Listing
avr-objdump -h -S FAN_CONTROLLER.elf  >"FAN_CONTROLLER.lss"
Finished building: FAN_CONTROLLER.lss
 
Invoking: Print Size
avr-size --format=avr --mcu=atmega16 FAN_CONTROLLER.elf
AVR Memory Usage
----------------
Device: atmega16

Program:    9036 bytes (55.2% Full)
(.text + .data + .bootloader)

Data:        264 bytes (25.8% Full)
(.data + .bss + .noinit)


Finished building: sizedummy
 
22:12:35 **** Incremental Build of configuration Debug for project FAN_CONTROLLER ****
make all 
Building file: ../app.c
Invoking: AVR Compiler
avr-gcc -Wall -g2 -gstabs -O0 -fpack-struct -fshort-enums -ffunction-sections -fdata-sections -std=gnu99 -funsigned-char -funsigned-bitfields -mmcu=atmega16 -DF_CPU=1000000UL -MMD -MP -MF"app.d" -MT"app.o" -c -o "app.o" "../app.c"
../app.c: In function 'main':
../app.c:16: warning: pointer targets in passing argument 1 of 'LCD_displayString' differ in signedness
../app.c:18: warning: pointer targets in passing argument 1 of 'LCD_displayString' differ in signedness
Finished building: ../app.c
 
Building target: FAN_CONTROLLER.elf
Invoking: AVR C Linker
avr-gcc -Wl,-Map,FAN_CONTROLLER.map -mmcu=atmega16 -o "FAN_CONTROLLER.elf"  ./Lm35_sensor.o ./adc.o ./app.o ./gpio.o ./lcd.o ./motor.o ./pwm.o   
Finished building target: FAN_CONTROLLER.elf
 
Invoking: AVR Create Extended Listing
avr-objdump -h -S FAN_CONTROLLER.elf  >"FAN_CONTROLLER.lss"
Finished building: FAN_CONTROLLER.lss
 
Invoking: Print Size
avr-size --format=avr --mcu=atmega16 FAN_CONTROLLER.elf
AVR Memory Usage
----------------
Device: atmega16

Program:    9080 bytes (55.4% Full)
(.text + .data + .bootloader)

Data:        284 bytes (27.7% Full)
(.data + .bss + .noinit)


Finished building: sizedummy
 
22:14:06 **** Incremental Build of configuration Debug for project FAN_CONTROLLER ****
make all 
Building file: ../app.c
Invoking: AVR Compiler
avr-gcc -Wall -g2 -gstabs -O0 -fpack-struct -fshort-enums -ffunction-sections -fdata-sections -std=gnu99 -funsigned-char -funsigned-bitfields -mmcu=atmega16 -DF_CPU=1000000UL -MMD -MP -MF"app.d" -MT"app.o" -c -o "app.o" "../app.c"
../app.c: In function 'main':
../app.c:16: warning: pointer targets in passing argument 1 of 'LCD_displayString' differ in signedness
../app.c:18: warning: pointer targets in passing argument 1 of 'LCD_displayString' differ in signedness
Finished building: ../app.c
 
Building file: ../lcd.c
Invoking: AVR Compiler
avr-gcc -Wall -g2 -gstabs -O0 -fpack-struct -fshort-enums -ffunction-sections -fdata-sections -std=gnu99 -funsigned-char -funsigned-bitfields -mmcu=atmega16 -DF_CPU=1000000UL -MMD -MP -MF"lcd.d" -MT"lcd.o" -c -o "lcd.o" "../lcd.c"
In file included from ../lcd.c:3:
c:/winavr-20100110/lib/gcc/../../avr/include/util/delay.h:90:3: warning: #warning "Compiler optimizations disabled; functions from <util/delay.h> won't work as designed"
../lcd.c: In function 'LCD_displayStringRowColumn':
../lcd.c:79: warning: pointer targets in passing argument 1 of 'LCD_displayString' differ in signedness
../lcd.c: In function 'LCD_intgerToString':
../lcd.c:91: warning: implicit declaration of function 'itoa'
../lcd.c:92: warning: pointer targets in passing argument 1 of 'LCD_displayString' differ in signedness
Finished building: ../lcd.c
 
Building target: FAN_CONTROLLER.elf
Invoking: AVR C Linker
avr-gcc -Wl,-Map,FAN_CONTROLLER.map -mmcu=atmega16 -o "FAN_CONTROLLER.elf"  ./Lm35_sensor.o ./adc.o ./app.o ./gpio.o ./lcd.o ./motor.o ./pwm.o   
Finished building target: FAN_CONTROLLER.elf
 
Invoking: AVR Create Extended Listing
avr-objdump -h -S FAN_CONTROLLER.elf  >"FAN_CONTROLLER.lss"
Finished building: FAN_CONTROLLER.lss
 
Invoking: Print Size
avr-size --format=avr --mcu=atmega16 FAN_CONTROLLER.elf
AVR Memory Usage
----------------
Device: atmega16

Program:    9080 bytes (55.4% Full)
(.text + .data + .bootloader)

Data:        284 bytes (27.7% Full)
(.data + .bss + .noinit)


Finished building: sizedummy
 
22:17:13 **** Incremental Build of configuration Debug for project FAN_CONTROLLER ****
make all 
Building file: ../app.c
Invoking: AVR Compiler
avr-gcc -Wall -g2 -gstabs -O0 -fpack-struct -fshort-enums -ffunction-sections -fdata-sections -std=gnu99 -funsigned-char -funsigned-bitfields -mmcu=atmega16 -DF_CPU=1000000UL -MMD -MP -MF"app.d" -MT"app.o" -c -o "app.o" "../app.c"
../app.c: In function 'main':
../app.c:16: warning: pointer targets in passing argument 1 of 'LCD_displayString' differ in signedness
../app.c:18: warning: pointer targets in passing argument 1 of 'LCD_displayString' differ in signedness
Finished building: ../app.c
 
Building target: FAN_CONTROLLER.elf
Invoking: AVR C Linker
avr-gcc -Wl,-Map,FAN_CONTROLLER.map -mmcu=atmega16 -o "FAN_CONTROLLER.elf"  ./Lm35_sensor.o ./adc.o ./app.o ./gpio.o ./lcd.o ./motor.o ./pwm.o   
Finished building target: FAN_CONTROLLER.elf
 
Invoking: AVR Create Extended Listing
avr-objdump -h -S FAN_CONTROLLER.elf  >"FAN_CONTROLLER.lss"
Finished building: FAN_CONTROLLER.lss
 
Invoking: Print Size
avr-size --format=avr --mcu=atmega16 FAN_CONTROLLER.elf
AVR Memory Usage
----------------
Device: atmega16

Program:    9090 bytes (55.5% Full)
(.text + .data + .bootloader)

Data:        284 bytes (27.7% Full)
(.data + .bss + .noinit)


Finished building: sizedummy
 
22:19:18 **** Incremental Build of configuration Debug for project FAN_CONTROLLER ****
make all 
Building file: ../app.c
Invoking: AVR Compiler
avr-gcc -Wall -g2 -gstabs -O0 -fpack-struct -fshort-enums -ffunction-sections -fdata-sections -std=gnu99 -funsigned-char -funsigned-bitfields -mmcu=atmega16 -DF_CPU=1000000UL -MMD -MP -MF"app.d" -MT"app.o" -c -o "app.o" "../app.c"
../app.c: In function 'main':
../app.c:16: warning: pointer targets in passing argument 1 of 'LCD_displayString' differ in signedness
../app.c:18: warning: pointer targets in passing argument 1 of 'LCD_displayString' differ in signedness
../app.c:29: warning: implicit declaration of function 'LCD_DisplayString'
Finished building: ../app.c
 
Building target: FAN_CONTROLLER.elf
Invoking: AVR C Linker
avr-gcc -Wl,-Map,FAN_CONTROLLER.map -mmcu=atmega16 -o "FAN_CONTROLLER.elf"  ./Lm35_sensor.o ./adc.o ./app.o ./gpio.o ./lcd.o ./motor.o ./pwm.o   
./app.o: In function `main':
../app.c:29: undefined reference to `LCD_DisplayString'
../app.c:35: undefined reference to `LCD_DisplayString'
../app.c:42: undefined reference to `LCD_DisplayString'
../app.c:49: undefined reference to `LCD_DisplayString'
../app.c:57: undefined reference to `LCD_DisplayString'
make: *** [FAN_CONTROLLER.elf] Error 1
"make all" terminated with exit code 2. Build might be incomplete.
22:19:41 **** Incremental Build of configuration Debug for project FAN_CONTROLLER ****
make all 
Building file: ../app.c
Invoking: AVR Compiler
avr-gcc -Wall -g2 -gstabs -O0 -fpack-struct -fshort-enums -ffunction-sections -fdata-sections -std=gnu99 -funsigned-char -funsigned-bitfields -mmcu=atmega16 -DF_CPU=1000000UL -MMD -MP -MF"app.d" -MT"app.o" -c -o "app.o" "../app.c"
../app.c: In function 'main':
../app.c:16: warning: pointer targets in passing argument 1 of 'LCD_displayString' differ in signedness
../app.c:18: warning: pointer targets in passing argument 1 of 'LCD_displayString' differ in signedness
../app.c:29: warning: pointer targets in passing argument 1 of 'LCD_displayString' differ in signedness
../app.c:35: warning: pointer targets in passing argument 1 of 'LCD_displayString' differ in signedness
../app.c:42: warning: pointer targets in passing argument 1 of 'LCD_displayString' differ in signedness
../app.c:49: warning: pointer targets in passing argument 1 of 'LCD_displayString' differ in signedness
../app.c:57: warning: pointer targets in passing argument 1 of 'LCD_displayString' differ in signedness
Finished building: ../app.c
 
Building target: FAN_CONTROLLER.elf
Invoking: AVR C Linker
avr-gcc -Wl,-Map,FAN_CONTROLLER.map -mmcu=atmega16 -o "FAN_CONTROLLER.elf"  ./Lm35_sensor.o ./adc.o ./app.o ./gpio.o ./lcd.o ./motor.o ./pwm.o   
Finished building target: FAN_CONTROLLER.elf
 
Invoking: AVR Create Extended Listing
avr-objdump -h -S FAN_CONTROLLER.elf  >"FAN_CONTROLLER.lss"
Finished building: FAN_CONTROLLER.lss
 
Invoking: Print Size
avr-size --format=avr --mcu=atmega16 FAN_CONTROLLER.elf
AVR Memory Usage
----------------
Device: atmega16

Program:    9178 bytes (56.0% Full)
(.text + .data + .bootloader)

Data:        290 bytes (28.3% Full)
(.data + .bss + .noinit)


Finished building: sizedummy
 
22:21:00 **** Incremental Build of configuration Debug for project FAN_CONTROLLER ****
make all 
Building file: ../pwm.c
Invoking: AVR Compiler
avr-gcc -Wall -g2 -gstabs -O0 -fpack-struct -fshort-enums -ffunction-sections -fdata-sections -std=gnu99 -funsigned-char -funsigned-bitfields -mmcu=atmega16 -DF_CPU=1000000UL -MMD -MP -MF"pwm.d" -MT"pwm.o" -c -o "pwm.o" "../pwm.c"
In file included from ../pwm.c:2:
c:/winavr-20100110/lib/gcc/../../avr/include/util/delay.h:90:3: warning: #warning "Compiler optimizations disabled; functions from <util/delay.h> won't work as designed"
Finished building: ../pwm.c
 
Building target: FAN_CONTROLLER.elf
Invoking: AVR C Linker
avr-gcc -Wl,-Map,FAN_CONTROLLER.map -mmcu=atmega16 -o "FAN_CONTROLLER.elf"  ./Lm35_sensor.o ./adc.o ./app.o ./gpio.o ./lcd.o ./motor.o ./pwm.o   
Finished building target: FAN_CONTROLLER.elf
 
Invoking: AVR Create Extended Listing
avr-objdump -h -S FAN_CONTROLLER.elf  >"FAN_CONTROLLER.lss"
Finished building: FAN_CONTROLLER.lss
 
Invoking: Print Size
avr-size --format=avr --mcu=atmega16 FAN_CONTROLLER.elf
AVR Memory Usage
----------------
Device: atmega16

Program:    9378 bytes (57.2% Full)
(.text + .data + .bootloader)

Data:        290 bytes (28.3% Full)
(.data + .bss + .noinit)


Finished building: sizedummy
 
22:22:44 **** Incremental Build of configuration Debug for project FAN_CONTROLLER ****
make all 
Building file: ../motor.c
Invoking: AVR Compiler
avr-gcc -Wall -g2 -gstabs -O0 -fpack-struct -fshort-enums -ffunction-sections -fdata-sections -std=gnu99 -funsigned-char -funsigned-bitfields -mmcu=atmega16 -DF_CPU=1000000UL -MMD -MP -MF"motor.d" -MT"motor.o" -c -o "motor.o" "../motor.c"
Finished building: ../motor.c
 
Building target: FAN_CONTROLLER.elf
Invoking: AVR C Linker
avr-gcc -Wl,-Map,FAN_CONTROLLER.map -mmcu=atmega16 -o "FAN_CONTROLLER.elf"  ./Lm35_sensor.o ./adc.o ./app.o ./gpio.o ./lcd.o ./motor.o ./pwm.o   
Finished building target: FAN_CONTROLLER.elf
 
Invoking: AVR Create Extended Listing
avr-objdump -h -S FAN_CONTROLLER.elf  >"FAN_CONTROLLER.lss"
Finished building: FAN_CONTROLLER.lss
 
Invoking: Print Size
avr-size --format=avr --mcu=atmega16 FAN_CONTROLLER.elf
AVR Memory Usage
----------------
Device: atmega16

Program:    9378 bytes (57.2% Full)
(.text + .data + .bootloader)

Data:        290 bytes (28.3% Full)
(.data + .bss + .noinit)


Finished building: sizedummy
 
22:26:26 **** Incremental Build of configuration Debug for project FAN_CONTROLLER ****
make all 
Building file: ../Lm35_sensor.c
Invoking: AVR Compiler
avr-gcc -Wall -g2 -gstabs -O0 -fpack-struct -fshort-enums -ffunction-sections -fdata-sections -std=gnu99 -funsigned-char -funsigned-bitfields -mmcu=atmega16 -DF_CPU=1000000UL -MMD -MP -MF"Lm35_sensor.d" -MT"Lm35_sensor.o" -c -o "Lm35_sensor.o" "../Lm35_sensor.c"
Finished building: ../Lm35_sensor.c
 
Building file: ../adc.c
Invoking: AVR Compiler
avr-gcc -Wall -g2 -gstabs -O0 -fpack-struct -fshort-enums -ffunction-sections -fdata-sections -std=gnu99 -funsigned-char -funsigned-bitfields -mmcu=atmega16 -DF_CPU=1000000UL -MMD -MP -MF"adc.d" -MT"adc.o" -c -o "adc.o" "../adc.c"
Finished building: ../adc.c
 
Building file: ../app.c
Invoking: AVR Compiler
avr-gcc -Wall -g2 -gstabs -O0 -fpack-struct -fshort-enums -ffunction-sections -fdata-sections -std=gnu99 -funsigned-char -funsigned-bitfields -mmcu=atmega16 -DF_CPU=1000000UL -MMD -MP -MF"app.d" -MT"app.o" -c -o "app.o" "../app.c"
../app.c: In function 'main':
../app.c:16: warning: pointer targets in passing argument 1 of 'LCD_displayString' differ in signedness
../app.c:18: warning: pointer targets in passing argument 1 of 'LCD_displayString' differ in signedness
../app.c:29: warning: pointer targets in passing argument 1 of 'LCD_displayString' differ in signedness
../app.c:35: warning: pointer targets in passing argument 1 of 'LCD_displayString' differ in signedness
../app.c:42: warning: pointer targets in passing argument 1 of 'LCD_displayString' differ in signedness
../app.c:49: warning: pointer targets in passing argument 1 of 'LCD_displayString' differ in signedness
../app.c:57: warning: pointer targets in passing argument 1 of 'LCD_displayString' differ in signedness
Finished building: ../app.c
 
Building target: FAN_CONTROLLER.elf
Invoking: AVR C Linker
avr-gcc -Wl,-Map,FAN_CONTROLLER.map -mmcu=atmega16 -o "FAN_CONTROLLER.elf"  ./Lm35_sensor.o ./adc.o ./app.o ./gpio.o ./lcd.o ./motor.o ./pwm.o   
Finished building target: FAN_CONTROLLER.elf
 
Invoking: AVR Create Extended Listing
avr-objdump -h -S FAN_CONTROLLER.elf  >"FAN_CONTROLLER.lss"
Finished building: FAN_CONTROLLER.lss
 
Invoking: Print Size
avr-size --format=avr --mcu=atmega16 FAN_CONTROLLER.elf
AVR Memory Usage
----------------
Device: atmega16

Program:    9336 bytes (57.0% Full)
(.text + .data + .bootloader)

Data:        290 bytes (28.3% Full)
(.data + .bss + .noinit)


Finished building: sizedummy
 
22:28:07 **** Incremental Build of configuration Debug for project FAN_CONTROLLER ****
make all 
Building file: ../app.c
Invoking: AVR Compiler
avr-gcc -Wall -g2 -gstabs -O0 -fpack-struct -fshort-enums -ffunction-sections -fdata-sections -std=gnu99 -funsigned-char -funsigned-bitfields -mmcu=atmega16 -DF_CPU=1000000UL -MMD -MP -MF"app.d" -MT"app.o" -c -o "app.o" "../app.c"
../app.c: In function 'main':
../app.c:16: warning: pointer targets in passing argument 1 of 'LCD_displayString' differ in signedness
../app.c:18: warning: pointer targets in passing argument 1 of 'LCD_displayString' differ in signedness
../app.c:35: warning: pointer targets in passing argument 1 of 'LCD_displayString' differ in signedness
../app.c:41: warning: pointer targets in passing argument 1 of 'LCD_displayString' differ in signedness
../app.c:48: warning: pointer targets in passing argument 1 of 'LCD_displayString' differ in signedness
../app.c:55: warning: pointer targets in passing argument 1 of 'LCD_displayString' differ in signedness
../app.c:63: warning: pointer targets in passing argument 1 of 'LCD_displayString' differ in signedness
Finished building: ../app.c
 
Building target: FAN_CONTROLLER.elf
Invoking: AVR C Linker
avr-gcc -Wl,-Map,FAN_CONTROLLER.map -mmcu=atmega16 -o "FAN_CONTROLLER.elf"  ./Lm35_sensor.o ./adc.o ./app.o ./gpio.o ./lcd.o ./motor.o ./pwm.o   
Finished building target: FAN_CONTROLLER.elf
 
Invoking: AVR Create Extended Listing
avr-objdump -h -S FAN_CONTROLLER.elf  >"FAN_CONTROLLER.lss"
Finished building: FAN_CONTROLLER.lss
 
Invoking: Print Size
avr-size --format=avr --mcu=atmega16 FAN_CONTROLLER.elf
AVR Memory Usage
----------------
Device: atmega16

Program:    9360 bytes (57.1% Full)
(.text + .data + .bootloader)

Data:        290 bytes (28.3% Full)
(.data + .bss + .noinit)


Finished building: sizedummy
 
22:29:43 **** Incremental Build of configuration Debug for project FAN_CONTROLLER ****
make all 
Building file: ../motor.c
Invoking: AVR Compiler
avr-gcc -Wall -g2 -gstabs -O0 -fpack-struct -fshort-enums -ffunction-sections -fdata-sections -std=gnu99 -funsigned-char -funsigned-bitfields -mmcu=atmega16 -DF_CPU=1000000UL -MMD -MP -MF"motor.d" -MT"motor.o" -c -o "motor.o" "../motor.c"
Finished building: ../motor.c
 
Building target: FAN_CONTROLLER.elf
Invoking: AVR C Linker
avr-gcc -Wl,-Map,FAN_CONTROLLER.map -mmcu=atmega16 -o "FAN_CONTROLLER.elf"  ./Lm35_sensor.o ./adc.o ./app.o ./gpio.o ./lcd.o ./motor.o ./pwm.o   
Finished building target: FAN_CONTROLLER.elf
 
Invoking: AVR Create Extended Listing
avr-objdump -h -S FAN_CONTROLLER.elf  >"FAN_CONTROLLER.lss"
Finished building: FAN_CONTROLLER.lss
 
Invoking: Print Size
avr-size --format=avr --mcu=atmega16 FAN_CONTROLLER.elf
AVR Memory Usage
----------------
Device: atmega16

Program:    9360 bytes (57.1% Full)
(.text + .data + .bootloader)

Data:        290 bytes (28.3% Full)
(.data + .bss + .noinit)


Finished building: sizedummy
 
22:30:13 **** Incremental Build of configuration Debug for project FAN_CONTROLLER ****
make all 
Building file: ../app.c
Invoking: AVR Compiler
avr-gcc -Wall -g2 -gstabs -O0 -fpack-struct -fshort-enums -ffunction-sections -fdata-sections -std=gnu99 -funsigned-char -funsigned-bitfields -mmcu=atmega16 -DF_CPU=1000000UL -MMD -MP -MF"app.d" -MT"app.o" -c -o "app.o" "../app.c"
../app.c: In function 'main':
../app.c:16: warning: pointer targets in passing argument 1 of 'LCD_displayString' differ in signedness
../app.c:18: warning: pointer targets in passing argument 1 of 'LCD_displayString' differ in signedness
../app.c:35: warning: pointer targets in passing argument 1 of 'LCD_displayString' differ in signedness
../app.c:41: warning: pointer targets in passing argument 1 of 'LCD_displayString' differ in signedness
../app.c:49: warning: pointer targets in passing argument 1 of 'LCD_displayString' differ in signedness
../app.c:57: warning: pointer targets in passing argument 1 of 'LCD_displayString' differ in signedness
../app.c:66: warning: pointer targets in passing argument 1 of 'LCD_displayString' differ in signedness
Finished building: ../app.c
 
Building target: FAN_CONTROLLER.elf
Invoking: AVR C Linker
avr-gcc -Wl,-Map,FAN_CONTROLLER.map -mmcu=atmega16 -o "FAN_CONTROLLER.elf"  ./Lm35_sensor.o ./adc.o ./app.o ./gpio.o ./lcd.o ./motor.o ./pwm.o   
Finished building target: FAN_CONTROLLER.elf
 
Invoking: AVR Create Extended Listing
avr-objdump -h -S FAN_CONTROLLER.elf  >"FAN_CONTROLLER.lss"
Finished building: FAN_CONTROLLER.lss
 
Invoking: Print Size
avr-size --format=avr --mcu=atmega16 FAN_CONTROLLER.elf
AVR Memory Usage
----------------
Device: atmega16

Program:    9384 bytes (57.3% Full)
(.text + .data + .bootloader)

Data:        290 bytes (28.3% Full)
(.data + .bss + .noinit)


Finished building: sizedummy
 
22:30:28 **** Incremental Build of configuration Debug for project FAN_CONTROLLER ****
make all 
Building file: ../app.c
Invoking: AVR Compiler
avr-gcc -Wall -g2 -gstabs -O0 -fpack-struct -fshort-enums -ffunction-sections -fdata-sections -std=gnu99 -funsigned-char -funsigned-bitfields -mmcu=atmega16 -DF_CPU=1000000UL -MMD -MP -MF"app.d" -MT"app.o" -c -o "app.o" "../app.c"
../app.c: In function 'main':
../app.c:16: warning: pointer targets in passing argument 1 of 'LCD_displayString' differ in signedness
../app.c:18: warning: pointer targets in passing argument 1 of 'LCD_displayString' differ in signedness
../app.c:35: warning: pointer targets in passing argument 1 of 'LCD_displayString' differ in signedness
../app.c:41: warning: pointer targets in passing argument 1 of 'LCD_displayString' differ in signedness
../app.c:49: warning: pointer targets in passing argument 1 of 'LCD_displayString' differ in signedness
../app.c:57: warning: pointer targets in passing argument 1 of 'LCD_displayString' differ in signedness
../app.c:66: warning: pointer targets in passing argument 1 of 'LCD_displayString' differ in signedness
Finished building: ../app.c
 
Building target: FAN_CONTROLLER.elf
Invoking: AVR C Linker
avr-gcc -Wl,-Map,FAN_CONTROLLER.map -mmcu=atmega16 -o "FAN_CONTROLLER.elf"  ./Lm35_sensor.o ./adc.o ./app.o ./gpio.o ./lcd.o ./motor.o ./pwm.o   
Finished building target: FAN_CONTROLLER.elf
 
Invoking: AVR Create Extended Listing
avr-objdump -h -S FAN_CONTROLLER.elf  >"FAN_CONTROLLER.lss"
Finished building: FAN_CONTROLLER.lss
 
Invoking: Print Size
avr-size --format=avr --mcu=atmega16 FAN_CONTROLLER.elf
AVR Memory Usage
----------------
Device: atmega16

Program:    9386 bytes (57.3% Full)
(.text + .data + .bootloader)

Data:        292 bytes (28.5% Full)
(.data + .bss + .noinit)


Finished building: sizedummy
 
21:48:34 **** Incremental Build of configuration Debug for project FAN_CONTROLLER ****
make all 
Building file: ../Lm35_sensor.c
Invoking: AVR Compiler
avr-gcc -Wall -g2 -gstabs -O0 -fpack-struct -fshort-enums -ffunction-sections -fdata-sections -std=gnu99 -funsigned-char -funsigned-bitfields -mmcu=atmega16 -DF_CPU=1000000UL -MMD -MP -MF"Lm35_sensor.d" -MT"Lm35_sensor.o" -c -o "Lm35_sensor.o" "../Lm35_sensor.c"
Finished building: ../Lm35_sensor.c
 
Building file: ../adc.c
Invoking: AVR Compiler
avr-gcc -Wall -g2 -gstabs -O0 -fpack-struct -fshort-enums -ffunction-sections -fdata-sections -std=gnu99 -funsigned-char -funsigned-bitfields -mmcu=atmega16 -DF_CPU=1000000UL -MMD -MP -MF"adc.d" -MT"adc.o" -c -o "adc.o" "../adc.c"
Finished building: ../adc.c
 
Building file: ../app.c
Invoking: AVR Compiler
avr-gcc -Wall -g2 -gstabs -O0 -fpack-struct -fshort-enums -ffunction-sections -fdata-sections -std=gnu99 -funsigned-char -funsigned-bitfields -mmcu=atmega16 -DF_CPU=1000000UL -MMD -MP -MF"app.d" -MT"app.o" -c -o "app.o" "../app.c"
../app.c: In function 'main':
../app.c:18: warning: pointer targets in passing argument 1 of 'LCD_displayString' differ in signedness
../app.c:20: warning: pointer targets in passing argument 1 of 'LCD_displayString' differ in signedness
../app.c:37: warning: pointer targets in passing argument 1 of 'LCD_displayString' differ in signedness
../app.c:43: warning: pointer targets in passing argument 1 of 'LCD_displayString' differ in signedness
../app.c:51: warning: pointer targets in passing argument 1 of 'LCD_displayString' differ in signedness
../app.c:59: warning: pointer targets in passing argument 1 of 'LCD_displayString' differ in signedness
../app.c:68: warning: pointer targets in passing argument 1 of 'LCD_displayString' differ in signedness
Finished building: ../app.c
 
Building file: ../gpio.c
Invoking: AVR Compiler
avr-gcc -Wall -g2 -gstabs -O0 -fpack-struct -fshort-enums -ffunction-sections -fdata-sections -std=gnu99 -funsigned-char -funsigned-bitfields -mmcu=atmega16 -DF_CPU=1000000UL -MMD -MP -MF"gpio.d" -MT"gpio.o" -c -o "gpio.o" "../gpio.c"
Finished building: ../gpio.c
 
Building file: ../lcd.c
Invoking: AVR Compiler
avr-gcc -Wall -g2 -gstabs -O0 -fpack-struct -fshort-enums -ffunction-sections -fdata-sections -std=gnu99 -funsigned-char -funsigned-bitfields -mmcu=atmega16 -DF_CPU=1000000UL -MMD -MP -MF"lcd.d" -MT"lcd.o" -c -o "lcd.o" "../lcd.c"
In file included from ../lcd.c:3:
c:/winavr-20100110/lib/gcc/../../avr/include/util/delay.h:90:3: warning: #warning "Compiler optimizations disabled; functions from <util/delay.h> won't work as designed"
../lcd.c: In function 'LCD_displayStringRowColumn':
../lcd.c:79: warning: pointer targets in passing argument 1 of 'LCD_displayString' differ in signedness
../lcd.c: In function 'LCD_intgerToString':
../lcd.c:91: warning: implicit declaration of function 'itoa'
../lcd.c:92: warning: pointer targets in passing argument 1 of 'LCD_displayString' differ in signedness
Finished building: ../lcd.c
 
Building file: ../motor.c
Invoking: AVR Compiler
avr-gcc -Wall -g2 -gstabs -O0 -fpack-struct -fshort-enums -ffunction-sections -fdata-sections -std=gnu99 -funsigned-char -funsigned-bitfields -mmcu=atmega16 -DF_CPU=1000000UL -MMD -MP -MF"motor.d" -MT"motor.o" -c -o "motor.o" "../motor.c"
Finished building: ../motor.c
 
Building file: ../pwm.c
Invoking: AVR Compiler
avr-gcc -Wall -g2 -gstabs -O0 -fpack-struct -fshort-enums -ffunction-sections -fdata-sections -std=gnu99 -funsigned-char -funsigned-bitfields -mmcu=atmega16 -DF_CPU=1000000UL -MMD -MP -MF"pwm.d" -MT"pwm.o" -c -o "pwm.o" "../pwm.c"
In file included from ../pwm.c:2:
c:/winavr-20100110/lib/gcc/../../avr/include/util/delay.h:90:3: warning: #warning "Compiler optimizations disabled; functions from <util/delay.h> won't work as designed"
Finished building: ../pwm.c
 
Building target: FAN_CONTROLLER.elf
Invoking: AVR C Linker
avr-gcc -Wl,-Map,FAN_CONTROLLER.map -mmcu=atmega16 -o "FAN_CONTROLLER.elf"  ./Lm35_sensor.o ./adc.o ./app.o ./gpio.o ./lcd.o ./motor.o ./pwm.o   
Finished building target: FAN_CONTROLLER.elf
 
Invoking: AVR Create Extended Listing
avr-objdump -h -S FAN_CONTROLLER.elf  >"FAN_CONTROLLER.lss"
Finished building: FAN_CONTROLLER.lss
 
Invoking: Print Size
avr-size --format=avr --mcu=atmega16 FAN_CONTROLLER.elf
AVR Memory Usage
----------------
Device: atmega16

Program:    9394 bytes (57.3% Full)
(.text + .data + .bootloader)

Data:        292 bytes (28.5% Full)
(.data + .bss + .noinit)


Finished building: sizedummy
 
21:49:30 **** Incremental Build of configuration Debug for project FAN_CONTROLLER ****
make all 
Building file: ../app.c
Invoking: AVR Compiler
avr-gcc -Wall -g2 -gstabs -O0 -fpack-struct -fshort-enums -ffunction-sections -fdata-sections -std=gnu99 -funsigned-char -funsigned-bitfields -mmcu=atmega16 -DF_CPU=1000000UL -MMD -MP -MF"app.d" -MT"app.o" -c -o "app.o" "../app.c"
../app.c: In function 'main':
../app.c:18: warning: pointer targets in passing argument 1 of 'LCD_displayString' differ in signedness
../app.c:20: warning: pointer targets in passing argument 1 of 'LCD_displayString' differ in signedness
../app.c:37: warning: pointer targets in passing argument 1 of 'LCD_displayString' differ in signedness
../app.c:43: warning: pointer targets in passing argument 1 of 'LCD_displayString' differ in signedness
../app.c:51: warning: pointer targets in passing argument 1 of 'LCD_displayString' differ in signedness
../app.c:59: warning: pointer targets in passing argument 1 of 'LCD_displayString' differ in signedness
../app.c:68: warning: pointer targets in passing argument 1 of 'LCD_displayString' differ in signedness
Finished building: ../app.c
 
Building target: FAN_CONTROLLER.elf
Invoking: AVR C Linker
avr-gcc -Wl,-Map,FAN_CONTROLLER.map -mmcu=atmega16 -o "FAN_CONTROLLER.elf"  ./Lm35_sensor.o ./adc.o ./app.o ./gpio.o ./lcd.o ./motor.o ./pwm.o   
Finished building target: FAN_CONTROLLER.elf
 
Invoking: AVR Create Extended Listing
avr-objdump -h -S FAN_CONTROLLER.elf  >"FAN_CONTROLLER.lss"
Finished building: FAN_CONTROLLER.lss
 
Invoking: Print Size
avr-size --format=avr --mcu=atmega16 FAN_CONTROLLER.elf
AVR Memory Usage
----------------
Device: atmega16

Program:    9394 bytes (57.3% Full)
(.text + .data + .bootloader)

Data:        292 bytes (28.5% Full)
(.data + .bss + .noinit)


Finished building: sizedummy
 
21:50:21 **** Incremental Build of configuration Debug for project FAN_CONTROLLER ****
make all 
Building file: ../app.c
Invoking: AVR Compiler
avr-gcc -Wall -g2 -gstabs -O0 -fpack-struct -fshort-enums -ffunction-sections -fdata-sections -std=gnu99 -funsigned-char -funsigned-bitfields -mmcu=atmega16 -DF_CPU=1000000UL -MMD -MP -MF"app.d" -MT"app.o" -c -o "app.o" "../app.c"
../app.c: In function 'main':
../app.c:18: warning: pointer targets in passing argument 1 of 'LCD_displayString' differ in signedness
../app.c:20: warning: pointer targets in passing argument 1 of 'LCD_displayString' differ in signedness
../app.c:37: warning: pointer targets in passing argument 1 of 'LCD_displayString' differ in signedness
../app.c:43: warning: pointer targets in passing argument 1 of 'LCD_displayString' differ in signedness
../app.c:51: warning: pointer targets in passing argument 1 of 'LCD_displayString' differ in signedness
../app.c:59: warning: pointer targets in passing argument 1 of 'LCD_displayString' differ in signedness
../app.c:68: warning: pointer targets in passing argument 1 of 'LCD_displayString' differ in signedness
Finished building: ../app.c
 
Building target: FAN_CONTROLLER.elf
Invoking: AVR C Linker
avr-gcc -Wl,-Map,FAN_CONTROLLER.map -mmcu=atmega16 -o "FAN_CONTROLLER.elf"  ./Lm35_sensor.o ./adc.o ./app.o ./gpio.o ./lcd.o ./motor.o ./pwm.o   
Finished building target: FAN_CONTROLLER.elf
 
Invoking: AVR Create Extended Listing
avr-objdump -h -S FAN_CONTROLLER.elf  >"FAN_CONTROLLER.lss"
Finished building: FAN_CONTROLLER.lss
 
Invoking: Print Size
avr-size --format=avr --mcu=atmega16 FAN_CONTROLLER.elf
AVR Memory Usage
----------------
Device: atmega16

Program:    9394 bytes (57.3% Full)
(.text + .data + .bootloader)

Data:        292 bytes (28.5% Full)
(.data + .bss + .noinit)


Finished building: sizedummy
 
21:51:48 **** Incremental Build of configuration Debug for project FAN_CONTROLLER ****
make all 
Building file: ../app.c
Invoking: AVR Compiler
avr-gcc -Wall -g2 -gstabs -O0 -fpack-struct -fshort-enums -ffunction-sections -fdata-sections -std=gnu99 -funsigned-char -funsigned-bitfields -mmcu=atmega16 -DF_CPU=1000000UL -MMD -MP -MF"app.d" -MT"app.o" -c -o "app.o" "../app.c"
../app.c: In function 'main':
../app.c:18: warning: pointer targets in passing argument 1 of 'LCD_displayString' differ in signedness
../app.c:20: warning: pointer targets in passing argument 1 of 'LCD_displayString' differ in signedness
../app.c:37: warning: pointer targets in passing argument 1 of 'LCD_displayString' differ in signedness
../app.c:43: warning: pointer targets in passing argument 1 of 'LCD_displayString' differ in signedness
../app.c:51: warning: pointer targets in passing argument 1 of 'LCD_displayString' differ in signedness
../app.c:59: warning: pointer targets in passing argument 1 of 'LCD_displayString' differ in signedness
../app.c:68: warning: pointer targets in passing argument 1 of 'LCD_displayString' differ in signedness
Finished building: ../app.c
 
Building target: FAN_CONTROLLER.elf
Invoking: AVR C Linker
avr-gcc -Wl,-Map,FAN_CONTROLLER.map -mmcu=atmega16 -o "FAN_CONTROLLER.elf"  ./Lm35_sensor.o ./adc.o ./app.o ./gpio.o ./lcd.o ./motor.o ./pwm.o   
Finished building target: FAN_CONTROLLER.elf
 
Invoking: AVR Create Extended Listing
avr-objdump -h -S FAN_CONTROLLER.elf  >"FAN_CONTROLLER.lss"
Finished building: FAN_CONTROLLER.lss
 
Invoking: Print Size
avr-size --format=avr --mcu=atmega16 FAN_CONTROLLER.elf
AVR Memory Usage
----------------
Device: atmega16

Program:    9394 bytes (57.3% Full)
(.text + .data + .bootloader)

Data:        292 bytes (28.5% Full)
(.data + .bss + .noinit)


Finished building: sizedummy
 
21:52:27 **** Incremental Build of configuration Debug for project FAN_CONTROLLER ****
make all 
Building file: ../app.c
Invoking: AVR Compiler
avr-gcc -Wall -g2 -gstabs -O0 -fpack-struct -fshort-enums -ffunction-sections -fdata-sections -std=gnu99 -funsigned-char -funsigned-bitfields -mmcu=atmega16 -DF_CPU=1000000UL -MMD -MP -MF"app.d" -MT"app.o" -c -o "app.o" "../app.c"
../app.c: In function 'main':
../app.c:18: warning: pointer targets in passing argument 1 of 'LCD_displayString' differ in signedness
../app.c:20: warning: pointer targets in passing argument 1 of 'LCD_displayString' differ in signedness
../app.c:37: warning: pointer targets in passing argument 1 of 'LCD_displayString' differ in signedness
../app.c:43: warning: pointer targets in passing argument 1 of 'LCD_displayString' differ in signedness
../app.c:51: warning: pointer targets in passing argument 1 of 'LCD_displayString' differ in signedness
../app.c:59: warning: pointer targets in passing argument 1 of 'LCD_displayString' differ in signedness
../app.c:68: warning: pointer targets in passing argument 1 of 'LCD_displayString' differ in signedness
Finished building: ../app.c
 
Building target: FAN_CONTROLLER.elf
Invoking: AVR C Linker
avr-gcc -Wl,-Map,FAN_CONTROLLER.map -mmcu=atmega16 -o "FAN_CONTROLLER.elf"  ./Lm35_sensor.o ./adc.o ./app.o ./gpio.o ./lcd.o ./motor.o ./pwm.o   
Finished building target: FAN_CONTROLLER.elf
 
Invoking: AVR Create Extended Listing
avr-objdump -h -S FAN_CONTROLLER.elf  >"FAN_CONTROLLER.lss"
Finished building: FAN_CONTROLLER.lss
 
Invoking: Print Size
avr-size --format=avr --mcu=atmega16 FAN_CONTROLLER.elf
AVR Memory Usage
----------------
Device: atmega16

Program:    9394 bytes (57.3% Full)
(.text + .data + .bootloader)

Data:        292 bytes (28.5% Full)
(.data + .bss + .noinit)


Finished building: sizedummy
 
22:09:39 **** Incremental Build of configuration Debug for project FAN_CONTROLLER ****
make all 
Building file: ../adc.c
Invoking: AVR Compiler
avr-gcc -Wall -g2 -gstabs -O0 -fpack-struct -fshort-enums -ffunction-sections -fdata-sections -std=gnu99 -funsigned-char -funsigned-bitfields -mmcu=atmega16 -DF_CPU=1000000UL -MMD -MP -MF"adc.d" -MT"adc.o" -c -o "adc.o" "../adc.c"
Finished building: ../adc.c
 
Building file: ../lcd.c
Invoking: AVR Compiler
avr-gcc -Wall -g2 -gstabs -O0 -fpack-struct -fshort-enums -ffunction-sections -fdata-sections -std=gnu99 -funsigned-char -funsigned-bitfields -mmcu=atmega16 -DF_CPU=1000000UL -MMD -MP -MF"lcd.d" -MT"lcd.o" -c -o "lcd.o" "../lcd.c"
In file included from ../lcd.c:3:
c:/winavr-20100110/lib/gcc/../../avr/include/util/delay.h:90:3: warning: #warning "Compiler optimizations disabled; functions from <util/delay.h> won't work as designed"
../lcd.c: In function 'LCD_displayStringRowColumn':
../lcd.c:82: warning: pointer targets in passing argument 1 of 'LCD_displayString' differ in signedness
../lcd.c: In function 'LCD_intgerToString':
../lcd.c:95: warning: implicit declaration of function 'itoa'
../lcd.c:96: warning: pointer targets in passing argument 1 of 'LCD_displayString' differ in signedness
Finished building: ../lcd.c
 
Building target: FAN_CONTROLLER.elf
Invoking: AVR C Linker
avr-gcc -Wl,-Map,FAN_CONTROLLER.map -mmcu=atmega16 -o "FAN_CONTROLLER.elf"  ./Lm35_sensor.o ./adc.o ./app.o ./gpio.o ./lcd.o ./motor.o ./pwm.o   
Finished building target: FAN_CONTROLLER.elf
 
Invoking: AVR Create Extended Listing
avr-objdump -h -S FAN_CONTROLLER.elf  >"FAN_CONTROLLER.lss"
Finished building: FAN_CONTROLLER.lss
 
Invoking: Print Size
avr-size --format=avr --mcu=atmega16 FAN_CONTROLLER.elf
AVR Memory Usage
----------------
Device: atmega16

Program:    9394 bytes (57.3% Full)
(.text + .data + .bootloader)

Data:        292 bytes (28.5% Full)
(.data + .bss + .noinit)


Finished building: sizedummy
 
22:10:20 **** Incremental Build of configuration Debug for project FAN_CONTROLLER ****
make all 
Invoking: Print Size
avr-size --format=avr --mcu=atmega16 FAN_CONTROLLER.elf
AVR Memory Usage
----------------
Device: atmega16

Program:    9394 bytes (57.3% Full)
(.text + .data + .bootloader)

Data:        292 bytes (28.5% Full)
(.data + .bss + .noinit)


Finished building: sizedummy
 
